{"/Users/alexwong/Desktop/SD-Project/sd-project/src/components/welcome.component.js": {"path":"/Users/alexwong/Desktop/SD-Project/sd-project/src/components/welcome.component.js","statementMap":{"0":{"start":{"line":8,"column":8},"end":{"line":28,"column":9}}},"fnMap":{"0":{"name":"(anonymous_0)","decl":{"start":{"line":7,"column":4},"end":{"line":7,"column":5}},"loc":{"start":{"line":7,"column":13},"end":{"line":29,"column":5}},"line":7}},"branchMap":{},"s":{"0":2},"f":{"0":2},"b":{},"_coverageSchema":"1a1c01bbd47fc00a2c39e90264f33305004495a9","hash":"45de3aec7c61ea1540da79f1f24f0be8309c9765"}
}
